{
"contracts/NFTMarketPlace.sol":{"l":{"52":0,"53":0,"54":0,"56":0,"60":0,"61":0,"62":0,"64":0,"72":0,"73":0,"74":0,"75":0,"77":0,"98":0,"99":0,"101":0,"102":0,"103":0,"105":0,"106":0,"119":0,"120":0,"141":0,"142":0,"143":0,"145":0,"148":0,"149":0,"150":0,"169":0,"170":0,"177":0,"178":0,"179":0,"181":0,"182":0,"183":0,"195":0,"199":0},"path":"/Users/kelvin-airerayanmen/Desktop/NFT-Marketplace-Hardhat-FCC/contracts/NFTMarketPlace.sol","s":{"1":0,"2":0,"3":0,"4":0,"5":0,"6":0,"7":0,"8":0,"9":0,"10":0,"11":0,"12":0,"13":0,"14":0,"15":0,"16":0,"17":0,"18":0,"19":0,"20":0,"21":0,"22":0,"23":0,"24":0,"25":0,"26":0,"27":0},"b":{"1":[0,0],"2":[0,0],"3":[0,0],"4":[0,0],"5":[0,0],"6":[0,0],"7":[0,0],"8":[0,0]},"f":{"1":0,"2":0,"3":0,"4":0,"5":0,"6":0,"7":0,"8":0,"9":0,"10":0},"fnMap":{"1":{"name":"notListed","line":47,"loc":{"start":{"line":47,"column":4},"end":{"line":57,"column":4}}},"2":{"name":"isListed","line":59,"loc":{"start":{"line":59,"column":4},"end":{"line":65,"column":4}}},"3":{"name":"isOwner","line":67,"loc":{"start":{"line":67,"column":4},"end":{"line":78,"column":4}}},"4":{"name":"listItem","line":96,"loc":{"start":{"line":89,"column":4},"end":{"line":107,"column":4}}},"5":{"name":"cancelListing","line":117,"loc":{"start":{"line":114,"column":4},"end":{"line":121,"column":4}}},"6":{"name":"buyItem","line":135,"loc":{"start":{"line":131,"column":4},"end":{"line":151,"column":4}}},"7":{"name":"updateListing","line":167,"loc":{"start":{"line":159,"column":4},"end":{"line":171,"column":4}}},"8":{"name":"withdrawProceeds","line":176,"loc":{"start":{"line":176,"column":4},"end":{"line":184,"column":4}}},"9":{"name":"getListing","line":190,"loc":{"start":{"line":190,"column":4},"end":{"line":196,"column":4}}},"10":{"name":"getProceeds","line":198,"loc":{"start":{"line":198,"column":4},"end":{"line":200,"column":4}}}},"statementMap":{"1":{"start":{"line":52,"column":8},"end":{"line":52,"column":64}},"2":{"start":{"line":53,"column":8},"end":{"line":53,"column":1400}},"3":{"start":{"line":60,"column":8},"end":{"line":60,"column":64}},"4":{"start":{"line":61,"column":8},"end":{"line":61,"column":1643}},"5":{"start":{"line":72,"column":8},"end":{"line":72,"column":41}},"6":{"start":{"line":73,"column":8},"end":{"line":73,"column":44}},"7":{"start":{"line":74,"column":8},"end":{"line":74,"column":1952}},"8":{"start":{"line":98,"column":8},"end":{"line":98,"column":2532}},"9":{"start":{"line":101,"column":8},"end":{"line":101,"column":41}},"10":{"start":{"line":102,"column":8},"end":{"line":102,"column":2654}},"11":{"start":{"line":105,"column":8},"end":{"line":105,"column":67}},"12":{"start":{"line":106,"column":8},"end":{"line":106,"column":63}},"13":{"start":{"line":120,"column":8},"end":{"line":120,"column":58}},"14":{"start":{"line":141,"column":8},"end":{"line":141,"column":67}},"15":{"start":{"line":142,"column":8},"end":{"line":142,"column":4164}},"16":{"start":{"line":145,"column":8},"end":{"line":145,"column":49}},"17":{"start":{"line":149,"column":8},"end":{"line":149,"column":83}},"18":{"start":{"line":150,"column":8},"end":{"line":150,"column":74}},"19":{"start":{"line":169,"column":8},"end":{"line":169,"column":55}},"20":{"start":{"line":170,"column":8},"end":{"line":170,"column":66}},"21":{"start":{"line":177,"column":8},"end":{"line":177,"column":49}},"22":{"start":{"line":178,"column":8},"end":{"line":178,"column":5411}},"23":{"start":{"line":181,"column":8},"end":{"line":181,"column":33}},"24":{"start":{"line":182,"column":8},"end":{"line":182,"column":72}},"25":{"start":{"line":183,"column":8},"end":{"line":183,"column":42}},"26":{"start":{"line":195,"column":8},"end":{"line":195,"column":46}},"27":{"start":{"line":199,"column":8},"end":{"line":199,"column":33}}},"branchMap":{"1":{"line":53,"type":"if","locations":[{"start":{"line":53,"column":8},"end":{"line":53,"column":8}},{"start":{"line":53,"column":8},"end":{"line":53,"column":8}}]},"2":{"line":61,"type":"if","locations":[{"start":{"line":61,"column":8},"end":{"line":61,"column":8}},{"start":{"line":61,"column":8},"end":{"line":61,"column":8}}]},"3":{"line":74,"type":"if","locations":[{"start":{"line":74,"column":8},"end":{"line":74,"column":8}},{"start":{"line":74,"column":8},"end":{"line":74,"column":8}}]},"4":{"line":98,"type":"if","locations":[{"start":{"line":98,"column":8},"end":{"line":98,"column":8}},{"start":{"line":98,"column":8},"end":{"line":98,"column":8}}]},"5":{"line":102,"type":"if","locations":[{"start":{"line":102,"column":8},"end":{"line":102,"column":8}},{"start":{"line":102,"column":8},"end":{"line":102,"column":8}}]},"6":{"line":142,"type":"if","locations":[{"start":{"line":142,"column":8},"end":{"line":142,"column":8}},{"start":{"line":142,"column":8},"end":{"line":142,"column":8}}]},"7":{"line":178,"type":"if","locations":[{"start":{"line":178,"column":8},"end":{"line":178,"column":8}},{"start":{"line":178,"column":8},"end":{"line":178,"column":8}}]},"8":{"line":183,"type":"if","locations":[{"start":{"line":183,"column":8},"end":{"line":183,"column":8}},{"start":{"line":183,"column":8},"end":{"line":183,"column":8}}]}}},
"contracts/test/BasicNft.sol":{"l":{"15":0,"19":0,"20":0,"21":0,"25":0,"26":0,"30":0},"path":"/Users/kelvin-airerayanmen/Desktop/NFT-Marketplace-Hardhat-FCC/contracts/test/BasicNft.sol","s":{"1":0,"2":0,"3":0,"4":0,"5":0,"6":0,"7":0},"b":{"1":[0,0]},"f":{"1":0,"2":0,"3":0,"4":0},"fnMap":{"1":{"name":"constructor","line":14,"loc":{"start":{"line":14,"column":4},"end":{"line":16,"column":4}}},"2":{"name":"mintNft","line":18,"loc":{"start":{"line":18,"column":4},"end":{"line":22,"column":4}}},"3":{"name":"tokenURI","line":24,"loc":{"start":{"line":24,"column":4},"end":{"line":27,"column":4}}},"4":{"name":"getTokenCounter","line":29,"loc":{"start":{"line":29,"column":4},"end":{"line":31,"column":4}}}},"statementMap":{"1":{"start":{"line":15,"column":8},"end":{"line":15,"column":25}},"2":{"start":{"line":19,"column":8},"end":{"line":19,"column":44}},"3":{"start":{"line":20,"column":8},"end":{"line":20,"column":38}},"4":{"start":{"line":21,"column":8},"end":{"line":21,"column":42}},"5":{"start":{"line":25,"column":8},"end":{"line":25,"column":83}},"6":{"start":{"line":26,"column":8},"end":{"line":26,"column":24}},"7":{"start":{"line":30,"column":8},"end":{"line":30,"column":29}}},"branchMap":{"1":{"line":25,"type":"if","locations":[{"start":{"line":25,"column":8},"end":{"line":25,"column":8}},{"start":{"line":25,"column":8},"end":{"line":25,"column":8}}]}}}}
