TN:
SF:/Users/kelvin-airerayanmen/Desktop/NFT-Marketplace-Hardhat-FCC/contracts/NFTMarketPlace.sol
FN:47,notListed
FN:59,isListed
FN:67,isOwner
FN:96,listItem
FN:117,cancelListing
FN:135,buyItem
FN:167,updateListing
FN:176,withdrawProceeds
FN:190,getListing
FN:198,getProceeds
FNF:10
FNH:0
FNDA:0,notListed
FNDA:0,isListed
FNDA:0,isOwner
FNDA:0,listItem
FNDA:0,cancelListing
FNDA:0,buyItem
FNDA:0,updateListing
FNDA:0,withdrawProceeds
FNDA:0,getListing
FNDA:0,getProceeds
DA:52,0
DA:53,0
DA:54,0
DA:56,0
DA:60,0
DA:61,0
DA:62,0
DA:64,0
DA:72,0
DA:73,0
DA:74,0
DA:75,0
DA:77,0
DA:98,0
DA:99,0
DA:101,0
DA:102,0
DA:103,0
DA:105,0
DA:106,0
DA:119,0
DA:120,0
DA:141,0
DA:142,0
DA:143,0
DA:145,0
DA:148,0
DA:149,0
DA:150,0
DA:169,0
DA:170,0
DA:177,0
DA:178,0
DA:179,0
DA:181,0
DA:182,0
DA:183,0
DA:195,0
DA:199,0
LF:39
LH:0
BRDA:53,1,0,0
BRDA:53,1,1,0
BRDA:61,2,0,0
BRDA:61,2,1,0
BRDA:74,3,0,0
BRDA:74,3,1,0
BRDA:98,4,0,0
BRDA:98,4,1,0
BRDA:102,5,0,0
BRDA:102,5,1,0
BRDA:142,6,0,0
BRDA:142,6,1,0
BRDA:178,7,0,0
BRDA:178,7,1,0
BRDA:183,8,0,0
BRDA:183,8,1,0
BRF:16
BRH:0
end_of_record
TN:
SF:/Users/kelvin-airerayanmen/Desktop/NFT-Marketplace-Hardhat-FCC/contracts/test/BasicNft.sol
FN:14,constructor
FN:18,mintNft
FN:24,tokenURI
FN:29,getTokenCounter
FNF:4
FNH:0
FNDA:0,constructor
FNDA:0,mintNft
FNDA:0,tokenURI
FNDA:0,getTokenCounter
DA:15,0
DA:19,0
DA:20,0
DA:21,0
DA:25,0
DA:26,0
DA:30,0
LF:7
LH:0
BRDA:25,1,0,0
BRDA:25,1,1,0
BRF:2
BRH:0
end_of_record
